Determining if the pthread_create exist failed with the following output:
Change Dir: /home/wangxy/test_code/nvdecode/build/CMakeFiles/CMakeTmp

Run Build Command:"/usr/bin/make" "cmTC_cbd9a/fast"
/usr/bin/make -f CMakeFiles/cmTC_cbd9a.dir/build.make CMakeFiles/cmTC_cbd9a.dir/build
make[1]: Entering directory '/home/wangxy/test_code/nvdecode/build/CMakeFiles/CMakeTmp'
Building C object CMakeFiles/cmTC_cbd9a.dir/CheckSymbolExists.c.o
/usr/bin/cc    -fPIC    -o CMakeFiles/cmTC_cbd9a.dir/CheckSymbolExists.c.o   -c /home/wangxy/test_code/nvdecode/build/CMakeFiles/CMakeTmp/CheckSymbolExists.c
Linking C executable cmTC_cbd9a
/usr/bin/cmake -E cmake_link_script CMakeFiles/cmTC_cbd9a.dir/link.txt --verbose=1
/usr/bin/cc  -fPIC     CMakeFiles/cmTC_cbd9a.dir/CheckSymbolExists.c.o  -o cmTC_cbd9a 
CMakeFiles/cmTC_cbd9a.dir/CheckSymbolExists.c.o: In function `main':
CheckSymbolExists.c:(.text+0x1b): undefined reference to `pthread_create'
collect2: error: ld returned 1 exit status
CMakeFiles/cmTC_cbd9a.dir/build.make:97: recipe for target 'cmTC_cbd9a' failed
make[1]: *** [cmTC_cbd9a] Error 1
make[1]: Leaving directory '/home/wangxy/test_code/nvdecode/build/CMakeFiles/CMakeTmp'
Makefile:126: recipe for target 'cmTC_cbd9a/fast' failed
make: *** [cmTC_cbd9a/fast] Error 2

File /home/wangxy/test_code/nvdecode/build/CMakeFiles/CMakeTmp/CheckSymbolExists.c:
/* */
#include <pthread.h>

int main(int argc, char** argv)
{
  (void)argv;
#ifndef pthread_create
  return ((int*)(&pthread_create))[argc];
#else
  (void)argc;
  return 0;
#endif
}

Determining if the function pthread_create exists in the pthreads failed with the following output:
Change Dir: /home/wangxy/test_code/nvdecode/build/CMakeFiles/CMakeTmp

Run Build Command:"/usr/bin/make" "cmTC_c8efc/fast"
/usr/bin/make -f CMakeFiles/cmTC_c8efc.dir/build.make CMakeFiles/cmTC_c8efc.dir/build
make[1]: Entering directory '/home/wangxy/test_code/nvdecode/build/CMakeFiles/CMakeTmp'
Building C object CMakeFiles/cmTC_c8efc.dir/CheckFunctionExists.c.o
/usr/bin/cc    -fPIC -DCHECK_FUNCTION_EXISTS=pthread_create   -o CMakeFiles/cmTC_c8efc.dir/CheckFunctionExists.c.o   -c /usr/share/cmake-3.5/Modules/CheckFunctionExists.c
Linking C executable cmTC_c8efc
/usr/bin/cmake -E cmake_link_script CMakeFiles/cmTC_c8efc.dir/link.txt --verbose=1
/usr/bin/cc  -fPIC -DCHECK_FUNCTION_EXISTS=pthread_create    CMakeFiles/cmTC_c8efc.dir/CheckFunctionExists.c.o  -o cmTC_c8efc -lpthreads 
/usr/bin/ld: cannot find -lpthreads
collect2: error: ld returned 1 exit status
CMakeFiles/cmTC_c8efc.dir/build.make:97: recipe for target 'cmTC_c8efc' failed
make[1]: *** [cmTC_c8efc] Error 1
make[1]: Leaving directory '/home/wangxy/test_code/nvdecode/build/CMakeFiles/CMakeTmp'
Makefile:126: recipe for target 'cmTC_c8efc/fast' failed
make: *** [cmTC_c8efc/fast] Error 2


